<component name="libraryTable">
  <library name="junit-jupiter-5.6.2">
    <CLASSES>
      <root url="jar://D:/__Java__2/05 Вебинар Тестирование кода, JUnit/Latest Release/junit-jupiter-5.6.2.jar!/" />
      <root url="jar://D:/__Java__2/05 Вебинар Тестирование кода, JUnit/Latest Release/junit-jupiter-api-5.6.2.jar!/" />
      <root url="jar://D:/__Java__2/05 Вебинар Тестирование кода, JUnit/Latest Release/junit-jupiter-engine-5.6.2.jar!/" />
      <root url="jar://D:/__Java__2/05 Вебинар Тестирование кода, JUnit/Latest Release/junit-jupiter-migrationsupport-5.6.2.jar!/" />
      <root url="jar://D:/__Java__2/05 Вебинар Тестирование кода, JUnit/Latest Release/junit-jupiter-params-5.6.2.jar!/" />
      <root url="jar://D:/__Java__2/05 Вебинар Тестирование кода, JUnit/Latest Release/junit-platform-commons-1.6.2.jar!/" />
      <root url="jar://D:/__Java__2/05 Вебинар Тестирование кода, JUnit/Latest Release/junit-platform-console-1.6.2.jar!/" />
      <root url="jar://D:/__Java__2/05 Вебинар Тестирование кода, JUnit/Latest Release/junit-platform-console-standalone-1.6.2.jar!/" />
      <root url="jar://D:/__Java__2/05 Вебинар Тестирование кода, JUnit/Latest Release/junit-platform-engine-1.6.2.jar!/" />
      <root url="jar://D:/__Java__2/05 Вебинар Тестирование кода, JUnit/Latest Release/junit-platform-launcher-1.6.2.jar!/" />
      <root url="jar://D:/__Java__2/05 Вебинар Тестирование кода, JUnit/Latest Release/junit-platform-reporting-1.6.2.jar!/" />
      <root url="jar://D:/__Java__2/05 Вебинар Тестирование кода, JUnit/Latest Release/junit-platform-suite-api-1.6.2.jar!/" />
      <root url="jar://D:/__Java__2/05 Вебинар Тестирование кода, JUnit/Latest Release/junit-platform-testkit-1.6.2.jar!/" />
    </CLASSES>
    <JAVADOC />
    <SOURCES />
  </library>
</component>